build/app/outputs/mapping/release/seeds.txt
com.example.researchrover.MainActivity
com.example.researchrover.MainActivity: MainActivity()
...
androidx.window.layout.HardwareFoldingFeature$Type: java.lang.String toString()
androidx.window.layout.WindowMetricsCalculatorCompat: void getRectSizeFromDisplay(android.app.Activity,android.graphics.Rect)
io.flutter.embedding.engine.systemchannels.PlatformChannel$SystemUiMode: io.flutter.embedding.engine.systemchannels.PlatformChannel$SystemUiMode[] values()
androidx.window.layout.ActivityCompatHelperApi30: ActivityCompatHelperApi30()
androidx.window.embedding.EmbeddingTranslatingCallback: void accept(java.lang.Object)
androidx.window.layout.SidecarCompat: void unregisterComponentCallback(android.app.Activity)
androidx.window.layout.WindowMetrics: WindowMetrics(android.graphics.Rect)
androidx.window.layout.SidecarAdapter: boolean isEqualSidecarDeviceState(androidx.window.sidecar.SidecarDeviceState,androidx.window.sidecar.SidecarDeviceState)
androidx.window.layout.EmptyDecorator: androidx.window.layout.WindowInfoTracker decorate(androidx.window.layout.WindowInfoTracker)
androidx.window.R$id: R$id()
androidx.window.embedding.ExtensionEmbeddingBackend: ExtensionEmbeddingBackend(androidx.window.embedding.EmbeddingInterfaceCompat)
androidx.window.core.Version: androidx.window.core.Version parse(java.lang.String)
androidx.window.embedding.EmbeddingAdapter: java.util.function.Predicate translateParentMetricsPredicate(androidx.window.embedding.SplitRule)
androidx.window.R$styleable: R$styleable()
androidx.window.java.layout.WindowInfoTrackerCallbackAdapter: void removeWindowLayoutInfoListener(androidx.core.util.Consumer)
androidx.window.embedding.ExtensionEmbeddingBackend: androidx.window.embedding.ExtensionEmbeddingBackend access$getGlobalInstance$cp()
androidx.window.layout.SidecarAdapter: boolean isEqualSidecarWindowLayoutInfo(androidx.window.sidecar.SidecarWindowLayoutInfo,androidx.window.sidecar.SidecarWindowLayoutInfo)
androidx.window.layout.SidecarAdapter: SidecarAdapter()
androidx.window.layout.WindowMetricsCalculator$Companion$reset$1: androidx.window.layout.WindowMetricsCalculator invoke(androidx.window.layout.WindowMetricsCalculator)
io.flutter.embedding.engine.systemchannels.PlatformChannel$Brightness: io.flutter.embedding.engine.systemchannels.PlatformChannel$Brightness[] values()
io.flutter.embedding.engine.FlutterJNI: void setAsyncWaitForVsyncDelegate(io.flutter.embedding.engine.FlutterJNI$AsyncWaitForVsyncDelegate)
kotlinx.coroutines.scheduling.SchedulerTimeSource: SchedulerTimeSource()
androidx.window.embedding.SplitRuleParser: android.content.ComponentName buildClassName(java.lang.String,java.lang.CharSequence)
androidx.window.R$attr: R$attr()
androidx.window.core.Bounds: android.graphics.Rect toRect()
io.flutter.view.AccessibilityViewEmbedder: void addChildrenToFlutterNode(android.view.accessibility.AccessibilityNodeInfo,android.view.View,android.view.accessibility.AccessibilityNodeInfo)
androidx.window.layout.WindowMetricsCalculatorCompat: android.graphics.Rect computeWindowBoundsQ$window_release(android.app.Activity)
io.flutter.embedding.engine.FlutterJNI: void nativeSurfaceChanged(long,int,int)
kotlin.jvm.internal.FunctionReference: FunctionReference(int)
androidx.window.embedding.EmbeddingBackend: boolean isSplitSupported()
androidx.window.embedding.SplitRule: int getLayoutDirection()
androidx.window.embedding.ExtensionEmbeddingBackend: void setEmbeddingExtension(androidx.window.embedding.EmbeddingInterfaceCompat)
android.support.v4.app.RemoteActionCompatParcelizer: RemoteActionCompatParcelizer()
androidx.window.java.layout.WindowInfoTrackerCallbackAdapter$addListener$1$1: kotlin.coroutines.Continuation create(java.lang.Object,kotlin.coroutines.Continuation)
androidx.window.layout.WindowMetrics: java.lang.String toString()
kotlinx.coroutines.scheduling.CoroutineScheduler$WorkerState: kotlinx.coroutines.scheduling.CoroutineScheduler$WorkerState valueOf(java.lang.String)
kotlin.jvm.internal.FunctionReference: kotlin.reflect.KCallable computeReflected()