build/app/outputs/mapping/release/mapping.txt
# compiler: R8
# compiler_version: 3.3.70
# min_api: 16
# common_typos_disable
# {"id":"com.android.tools.r8.mapping","version":"2.0"}
# pg_map_id: 0a9de0c
# pg_map_hash: SHA-256 0a9de0cdeeced00a0aa6b327d211fe93b12ecd5047e519f7e2473dd081801aa8
...
io.flutter.util.HandlerCompat -> b0.b:
    android.os.Handler createAsyncHandler(android.os.Looper) -> a
io.flutter.util.HandlerCompat$$ExternalSyntheticApiModelOutline0 -> b0.a:
# {"id":"sourceFile","fileName":"R8$$SyntheticClass"}
# {"id":"com.android.tools.r8.synthesized"}
    android.os.Handler io.flutter.util.HandlerCompat$$InternalSyntheticApiModelOutline$1$5e94db4177cc375d1051f0451ffec14ccf8da35f128377d5ad1e135560113f0d$0.m(android.os.Looper) -> a
      # {"id":"com.android.tools.r8.synthesized"}
io.flutter.util.PathUtils -> b0.e:
    java.lang.String getCacheDirectory(android.content.Context) -> a
    java.lang.String getDataDirPath(android.content.Context) -> b
    java.lang.String getDataDirectory(android.content.Context) -> c
    java.lang.String getFilesDir(android.content.Context) -> d
io.flutter.util.PathUtils$$ExternalSyntheticApiModelOutline0 -> b0.c:
# {"id":"sourceFile","fileName":"R8$$SyntheticClass"}
# {"id":"com.android.tools.r8.synthesized"}
    java.io.File io.flutter.util.PathUtils$$InternalSyntheticApiModelOutline$2$7560d8338c7cfee3d9900d2dd40da8b97919d3d7613156c7f19426c9410bc36b$0.m(android.content.Context) -> a
      # {"id":"com.android.tools.r8.synthesized"}
io.flutter.util.PathUtils$$ExternalSyntheticApiModelOutline1 -> b0.d:
# {"id":"sourceFile","fileName":"R8$$SyntheticClass"}
# {"id":"com.android.tools.r8.synthesized"}
    java.io.File io.flutter.util.PathUtils$$InternalSyntheticApiModelOutline$2$c91e5e777cb21248c695a4194b0ebdf6921bd06a45d71c0191b2ba57388c3c5c$0.m(android.content.Context) -> a
      # {"id":"com.android.tools.r8.synthesized"}
io.flutter.util.Preconditions -> b0.f:
    void checkState(boolean,java.lang.Object) -> a
io.flutter.util.Predicate -> b0.g:
io.flutter.util.TraceSection -> b0.h:
    void begin(java.lang.String) -> a
    void beginAsyncSection(java.lang.String,int) -> b
    java.lang.String cropSectionName(java.lang.String) -> c
    void end() -> d
    void endAsyncSection(java.lang.String,int) -> e
io.flutter.util.ViewUtils -> b0.l:
    boolean $r8$lambda$fCTTge_LdSPkmGXpjJUgJ-DuSuY(android.view.View) -> a
      # {"id":"com.android.tools.r8.synthesized"}
    boolean $r8$lambda$nQ7Z42JgbeML5raZjvKJIT-9yhw(java.lang.Class[],android.view.View) -> b
      # {"id":"com.android.tools.r8.synthesized"}
    boolean childHasFocus(android.view.View) -> c
    int generateViewId(int) -> d
    android.app.Activity getActivity(android.content.Context) -> e
    boolean hasChildViewOfType(android.view.View,java.lang.Class[]) -> f
    boolean lambda$childHasFocus$0(android.view.View) -> g
    boolean lambda$hasChildViewOfType$1(java.lang.Class[],android.view.View) -> h
    boolean traverseHierarchy(android.view.View,io.flutter.util.ViewUtils$ViewVisitor) -> i
io.flutter.util.ViewUtils$$ExternalSyntheticApiModelOutline0 -> b0.i:
# {"id":"sourceFile","fileName":"R8$$SyntheticClass"}
# {"id":"com.android.tools.r8.synthesized"}
    int io.flutter.util.ViewUtils$$InternalSyntheticApiModelOutline$1$78ff405fb987a26544ff30c0e2f19c20a23c284ff56de2686f3da9f76f363ee6$0.m() -> a
      # {"id":"com.android.tools.r8.synthesized"}
io.flutter.util.ViewUtils$$ExternalSyntheticLambda1 -> b0.j:
# {"id":"sourceFile","fileName":"R8$$SyntheticClass"}
# {"id":"com.android.tools.r8.synthesized"}
    void io.flutter.util.ViewUtils$$InternalSyntheticLambda$1$2558b30c7d8a101be24861ba93623c43e35b819105eb8e3b22ac358044105fcf$0.<init>() -> <init>
      # {"id":"com.android.tools.r8.synthesized"}
    boolean io.flutter.util.ViewUtils$$InternalSyntheticLambda$1$2558b30c7d8a101be24861ba93623c43e35b819105eb8e3b22ac358044105fcf$0.run(android.view.View) -> a
      # {"id":"com.android.tools.r8.synthesized"}