build/app/outputs/mapping/release/usage.txt
com.example.researchrover.BuildConfig
com.example.researchrover.R$attr
com.example.researchrover.R$color
com.example.researchrover.R$dimen
com.example.researchrover.R$drawable
com.example.researchrover.R$id
com.example.researchrover.R$integer
com.example.researchrover.R$layout
com.example.researchrover.R$mipmap
com.example.researchrover.R$string
com.example.researchrover.R$style
com.example.researchrover.R$styleable
com.example.researchrover.R
...
androidx.core.content.res.ComplexColorCompat
androidx.core.content.res.ConfigurationHelper
androidx.core.content.res.FontResourcesParserCompat$FamilyResourceEntry
androidx.core.content.res.FontResourcesParserCompat$FetchStrategy
androidx.core.content.res.FontResourcesParserCompat$FontFamilyFilesResourceEntry
androidx.core.content.res.FontResourcesParserCompat$FontFileResourceEntry
androidx.core.content.res.FontResourcesParserCompat$ProviderResourceEntry
androidx.core.content.res.FontResourcesParserCompat
androidx.core.content.res.GradientColorInflaterCompat$ColorStops
androidx.core.content.res.GradientColorInflaterCompat
androidx.core.content.res.GrowingArrayUtils
androidx.core.content.res.ResourcesCompat$ColorStateListCacheEntry
androidx.core.content.res.ResourcesCompat$ColorStateListCacheKey
androidx.core.content.res.ResourcesCompat$FontCallback$1
androidx.core.content.res.ResourcesCompat$FontCallback$2
androidx.core.content.res.ResourcesCompat$FontCallback
androidx.core.content.res.ResourcesCompat$ImplApi29
androidx.core.content.res.ResourcesCompat$ThemeCompat$ImplApi23
androidx.core.content.res.ResourcesCompat$ThemeCompat$ImplApi29
androidx.core.content.res.ResourcesCompat$ThemeCompat
androidx.core.content.res.ResourcesCompat:
    public static final int ID_NULL
    private static final java.lang.String TAG
    private void <init>()
    private static void addColorStateListToCache(androidx.core.content.res.ResourcesCompat$ColorStateListCacheKey,int,android.content.res.ColorStateList)
    private static android.content.res.ColorStateList getCachedColorStateList(androidx.core.content.res.ResourcesCompat$ColorStateListCacheKey,int)
    public static android.graphics.Typeface getCachedFont(android.content.Context,int)
    public static int getColor(android.content.res.Resources,int,android.content.res.Resources$Theme)
    public static android.content.res.ColorStateList getColorStateList(android.content.res.Resources,int,android.content.res.Resources$Theme)
    public static android.graphics.drawable.Drawable getDrawableForDensity(android.content.res.Resources,int,int,android.content.res.Resources$Theme)
    public static float getFloat(android.content.res.Resources,int)
    public static android.graphics.Typeface getFont(android.content.Context,int)
    public static android.graphics.Typeface getFont(android.content.Context,int,android.util.TypedValue,int,androidx.core.content.res.ResourcesCompat$FontCallback)
    public static void getFont(android.content.Context,int,androidx.core.content.res.ResourcesCompat$FontCallback,android.os.Handler)
    private static android.util.TypedValue getTypedValue()
androidx.core.content.res.TypedArrayUtils
androidx.core.database.CursorWindowCompat
androidx.core.database.DatabaseUtilsCompat
androidx.core.database.sqlite.SQLiteCursorCompat
androidx.core.graphics.BitmapCompat
androidx.core.graphics.BlendModeColorFilterCompat
androidx.core.graphics.BlendModeCompat
androidx.core.graphics.BlendModeUtils$1
androidx.core.graphics.BlendModeUtils
androidx.core.graphics.ColorUtils
androidx.core.graphics.Insets
androidx.core.graphics.PaintCompat
androidx.core.graphics.PathParser$ExtractFloatResult
androidx.core.graphics.PathParser$PathDataNode
androidx.core.graphics.PathParser
androidx.core.graphics.PathSegment
androidx.core.graphics.PathUtils
androidx.core.graphics.TypefaceCompat$ResourcesCallbackAdapter
androidx.core.graphics.TypefaceCompat
androidx.core.graphics.TypefaceCompatApi21Impl
androidx.core.graphics.TypefaceCompatApi24Impl
androidx.core.graphics.TypefaceCompatApi26Impl
androidx.core.graphics.TypefaceCompatApi28Impl
androidx.core.graphics.TypefaceCompatApi29Impl
androidx.core.graphics.TypefaceCompatBaseImpl$1
androidx.core.graphics.TypefaceCompatBaseImpl$2
androidx.core.graphics.TypefaceCompatBaseImpl$StyleExtractor
androidx.core.graphics.TypefaceCompatBaseImpl
androidx.core.graphics.TypefaceCompatUtil
androidx.core.graphics.drawable.DrawableCompat